Determining if the pthread_create exist failed with the following output:
Change Dir: /home/ecoli/at/build/CMakeFiles/CMakeTmp

Run Build Command:"/usr/bin/make" "cmTC_17b0d/fast"
/usr/bin/make -f CMakeFiles/cmTC_17b0d.dir/build.make CMakeFiles/cmTC_17b0d.dir/build
make[1]: Entering directory '/home/ecoli/at/build/CMakeFiles/CMakeTmp'
Building C object CMakeFiles/cmTC_17b0d.dir/CheckSymbolExists.c.o
/usr/bin/cc    -o CMakeFiles/cmTC_17b0d.dir/CheckSymbolExists.c.o   -c /home/ecoli/at/build/CMakeFiles/CMakeTmp/CheckSymbolExists.c
Linking C executable cmTC_17b0d
/usr/bin/cmake -E cmake_link_script CMakeFiles/cmTC_17b0d.dir/link.txt --verbose=1
/usr/bin/cc      -rdynamic CMakeFiles/cmTC_17b0d.dir/CheckSymbolExists.c.o  -o cmTC_17b0d 
CMakeFiles/cmTC_17b0d.dir/CheckSymbolExists.c.o: In function `main':
CheckSymbolExists.c:(.text+0x1b): undefined reference to `pthread_create'
collect2: error: ld returned 1 exit status
CMakeFiles/cmTC_17b0d.dir/build.make:97: recipe for target 'cmTC_17b0d' failed
make[1]: *** [cmTC_17b0d] Error 1
make[1]: Leaving directory '/home/ecoli/at/build/CMakeFiles/CMakeTmp'
Makefile:126: recipe for target 'cmTC_17b0d/fast' failed
make: *** [cmTC_17b0d/fast] Error 2

File /home/ecoli/at/build/CMakeFiles/CMakeTmp/CheckSymbolExists.c:
/* */
#include <pthread.h>

int main(int argc, char** argv)
{
  (void)argv;
#ifndef pthread_create
  return ((int*)(&pthread_create))[argc];
#else
  (void)argc;
  return 0;
#endif
}

Determining if the function pthread_create exists in the pthreads failed with the following output:
Change Dir: /home/ecoli/at/build/CMakeFiles/CMakeTmp

Run Build Command:"/usr/bin/make" "cmTC_635e6/fast"
/usr/bin/make -f CMakeFiles/cmTC_635e6.dir/build.make CMakeFiles/cmTC_635e6.dir/build
make[1]: Entering directory '/home/ecoli/at/build/CMakeFiles/CMakeTmp'
Building C object CMakeFiles/cmTC_635e6.dir/CheckFunctionExists.c.o
/usr/bin/cc   -DCHECK_FUNCTION_EXISTS=pthread_create   -o CMakeFiles/cmTC_635e6.dir/CheckFunctionExists.c.o   -c /usr/share/cmake-3.10/Modules/CheckFunctionExists.c
Linking C executable cmTC_635e6
/usr/bin/cmake -E cmake_link_script CMakeFiles/cmTC_635e6.dir/link.txt --verbose=1
/usr/bin/cc  -DCHECK_FUNCTION_EXISTS=pthread_create    -rdynamic CMakeFiles/cmTC_635e6.dir/CheckFunctionExists.c.o  -o cmTC_635e6 -lpthreads 
/usr/bin/ld: cannot find -lpthreads
collect2: error: ld returned 1 exit status
CMakeFiles/cmTC_635e6.dir/build.make:97: recipe for target 'cmTC_635e6' failed
make[1]: *** [cmTC_635e6] Error 1
make[1]: Leaving directory '/home/ecoli/at/build/CMakeFiles/CMakeTmp'
Makefile:126: recipe for target 'cmTC_635e6/fast' failed
make: *** [cmTC_635e6/fast] Error 2


